Project management bootstrap skipped. Use migrations first. Set ENABLE_LEGACY_BOOTSTRAP=true only for legacy compatibility.
Server running at http://0.0.0.0:3001
Environment: staging
CORS origins: http://localhost:5173
Loaded env file: .env.staging
Legacy bootstrap: disabled
Server startup checks completed
MySQL connected. session time_zone forced to +08:00
[2026-03-24T03:39:52.760Z] POST /api/auth/login -> 200 (106ms)
[2026-03-24T03:39:52.869Z] GET /api/projects?page=1&pageSize=20 -> 200 (77ms)
[2026-03-24T03:39:52.963Z] GET /health -> 200 (1ms)
[2026-03-24T03:41:27.081Z] GET /api/rbac/menu-visibility/me -> 304 (97ms)
[2026-03-24T03:41:27.115Z] GET /api/rbac/menu-visibility/me -> 304 (29ms)
[2026-03-24T03:41:27.540Z] GET /api/projects?page=1&pageSize=200 -> 200 (45ms)
[2026-03-24T03:41:27.585Z] GET /api/requirements?page=1&pageSize=10 -> 200 (88ms)
[2026-03-24T03:41:27.589Z] GET /api/projects?page=1&pageSize=200 -> 304 (45ms)
[2026-03-24T03:41:27.596Z] GET /api/users?page=1&pageSize=200 -> 200 (100ms)
[2026-03-24T03:41:27.630Z] GET /api/requirements?page=1&pageSize=10 -> 304 (42ms)
[2026-03-24T03:41:27.661Z] GET /api/users?page=1&pageSize=200 -> 304 (61ms)
[2026-03-24T03:41:51.173Z] POST /api/auth/login -> 200 (80ms)
[2026-03-24T03:41:51.405Z] GET /api/auth/access -> 200 (43ms)
[2026-03-24T03:41:51.554Z] GET /api/auth/preferences -> 200 (59ms)
[2026-03-24T03:41:51.689Z] GET /api/users?page=1&pageSize=200 -> 403 (27ms)
[2026-03-24T03:41:51.799Z] GET /api/projects?page=1&pageSize=10 -> 200 (78ms)
[2026-03-24T03:41:51.826Z] GET /api/users?page=1&pageSize=200 -> 403 (24ms)
[2026-03-24T03:41:51.855Z] GET /api/projects?page=1&pageSize=10 -> 304 (50ms)
[2026-03-24T03:41:55.624Z] GET /api/users?page=1&pageSize=200 -> 403 (30ms)
[2026-03-24T03:41:55.640Z] GET /api/projects?page=1&pageSize=200 -> 200 (47ms)
[2026-03-24T03:41:55.962Z] GET /api/requirements?page=1&pageSize=10 -> 200 (54ms)
[2026-03-24T03:41:55.971Z] GET /api/users?page=1&pageSize=200 -> 403 (30ms)
[2026-03-24T03:41:56.006Z] GET /api/projects?page=1&pageSize=200 -> 304 (57ms)
[2026-03-24T03:41:56.324Z] GET /api/requirements?page=1&pageSize=10 -> 304 (49ms)
[2026-03-24T03:41:58.590Z] GET /api/projects?page=1&pageSize=200 -> 304 (64ms)
[2026-03-24T03:41:58.739Z] GET /api/requirements?page=1&pageSize=200 -> 200 (56ms)
[2026-03-24T03:41:58.871Z] GET /api/users?page=1&pageSize=200 -> 403 (23ms)
[2026-03-24T03:41:58.896Z] GET /api/projects?page=1&pageSize=200 -> 304 (46ms)
[2026-03-24T03:41:58.901Z] GET /api/bugs?page=1&pageSize=10 -> 200 (52ms)
[2026-03-24T03:41:58.954Z] GET /api/requirements?page=1&pageSize=200 -> 304 (51ms)
[2026-03-24T03:41:59.086Z] GET /api/users?page=1&pageSize=200 -> 403 (27ms)
[2026-03-24T03:41:59.289Z] GET /api/bugs?page=1&pageSize=10 -> 304 (103ms)
[2026-03-24T03:42:00.693Z] GET /api/projects?page=1&pageSize=200 -> 304 (76ms)
[2026-03-24T03:42:00.964Z] GET /api/users?page=1&pageSize=200 -> 403 (38ms)
[2026-03-24T03:42:00.991Z] GET /api/requirements?page=1&pageSize=10 -> 304 (63ms)
[2026-03-24T03:42:01.065Z] GET /api/projects?page=1&pageSize=200 -> 304 (65ms)
[2026-03-24T03:42:01.297Z] GET /api/users?page=1&pageSize=200 -> 403 (24ms)
[2026-03-24T03:42:01.358Z] GET /api/requirements?page=1&pageSize=10 -> 304 (53ms)
[2026-03-24T03:42:04.890Z] GET /api/projects?page=1&pageSize=200 -> 304 (48ms)
[2026-03-24T03:42:05.023Z] GET /api/users?page=1&pageSize=200 -> 403 (35ms)
[2026-03-24T03:42:05.206Z] GET /api/project-stats/projects -> 200 (48ms)
[2026-03-24T03:42:05.221Z] GET /api/project-stats/members -> 200 (62ms)
[2026-03-24T03:42:05.242Z] GET /api/project-stats/overview -> 200 (82ms)
[2026-03-24T03:42:05.292Z] GET /api/users?page=1&pageSize=200 -> 403 (88ms)
[2026-03-24T03:42:05.293Z] GET /api/projects?page=1&pageSize=200 -> 304 (132ms)
[2026-03-24T03:42:05.390Z] GET /api/project-stats/projects -> 304 (53ms)
[2026-03-24T03:42:05.691Z] GET /api/project-stats/members -> 304 (163ms)
[2026-03-24T03:42:05.728Z] GET /api/project-stats/overview -> 304 (191ms)
[2026-03-24T03:42:24.476Z] POST /api/auth/login -> 200 (109ms)
[2026-03-24T03:42:24.730Z] GET /api/auth/access -> 200 (118ms)
[2026-03-24T03:42:24.830Z] GET /api/work/demands?page=1&pageSize=1000 -> 403 (38ms)
[2026-03-24T03:42:24.999Z] GET /api/work/workbench/me -> 403 (20ms)
[2026-03-24T03:42:24.999Z] GET /api/work/item-types?enabled_only=1 -> 403 (21ms)
[2026-03-24T03:42:25.000Z] GET /api/work/logs?page=1&pageSize=10 -> 403 (22ms)
[2026-03-24T03:42:25.017Z] GET /api/work/phase-types?enabled_only=1 -> 403 (38ms)
[2026-03-24T03:42:25.082Z] GET /api/auth/preferences -> 200 (45ms)
[2026-03-24T03:42:25.171Z] GET /api/work/demands?page=1&pageSize=1000 -> 403 (23ms)
[2026-03-24T03:42:25.339Z] GET /api/work/logs?page=1&pageSize=10 -> 403 (29ms)
[2026-03-24T03:42:25.339Z] GET /api/work/item-types?enabled_only=1 -> 403 (28ms)
[2026-03-24T03:42:25.339Z] GET /api/work/workbench/me -> 403 (30ms)
[2026-03-24T03:42:25.365Z] GET /api/work/phase-types?enabled_only=1 -> 403 (31ms)
[2026-03-24T03:42:27.967Z] GET /api/users?page=1&pageSize=200 -> 403 (21ms)
[2026-03-24T03:42:27.999Z] GET /api/projects?page=1&pageSize=10 -> 200 (52ms)
[2026-03-24T03:42:28.221Z] GET /api/users?page=1&pageSize=200 -> 403 (23ms)
[2026-03-24T03:42:28.338Z] GET /api/projects?page=1&pageSize=10 -> 304 (54ms)
[2026-03-24T03:42:30.083Z] GET /api/projects?page=1&pageSize=200 -> 200 (66ms)
[2026-03-24T03:42:30.361Z] GET /api/users?page=1&pageSize=200 -> 403 (32ms)
[2026-03-24T03:42:30.384Z] GET /api/requirements?page=1&pageSize=10 -> 200 (56ms)
[2026-03-24T03:42:30.457Z] GET /api/projects?page=1&pageSize=200 -> 304 (68ms)
[2026-03-24T03:42:30.699Z] GET /api/users?page=1&pageSize=200 -> 403 (24ms)
[2026-03-24T03:42:30.734Z] GET /api/requirements?page=1&pageSize=10 -> 304 (40ms)
[2026-03-24T03:42:32.095Z] GET /api/users?page=1&pageSize=200 -> 403 (49ms)
[2026-03-24T03:42:32.115Z] GET /api/bugs?page=1&pageSize=10 -> 200 (68ms)
[2026-03-24T03:42:32.115Z] GET /api/projects?page=1&pageSize=200 -> 304 (70ms)
[2026-03-24T03:42:32.119Z] GET /api/requirements?page=1&pageSize=200 -> 200 (73ms)
[2026-03-24T03:42:32.316Z] GET /api/users?page=1&pageSize=200 -> 403 (23ms)
[2026-03-24T03:42:32.459Z] GET /api/bugs?page=1&pageSize=10 -> 304 (47ms)
[2026-03-24T03:42:32.471Z] GET /api/requirements?page=1&pageSize=200 -> 304 (42ms)
[2026-03-24T03:42:32.472Z] GET /api/projects?page=1&pageSize=200 -> 304 (44ms)
[2026-03-24T03:42:32.832Z] GET /api/projects?page=1&pageSize=200 -> 304 (50ms)
[2026-03-24T03:42:33.111Z] GET /api/users?page=1&pageSize=200 -> 403 (27ms)
[2026-03-24T03:42:33.129Z] GET /api/project-stats/members -> 200 (44ms)
[2026-03-24T03:42:33.130Z] GET /api/project-stats/projects -> 200 (45ms)
[2026-03-24T03:42:33.139Z] GET /api/project-stats/overview -> 200 (55ms)
[2026-03-24T03:42:33.184Z] GET /api/projects?page=1&pageSize=200 -> 304 (42ms)
[2026-03-24T03:42:33.462Z] GET /api/users?page=1&pageSize=200 -> 403 (39ms)
[2026-03-24T03:42:33.494Z] GET /api/project-stats/projects -> 304 (49ms)
[2026-03-24T03:42:33.499Z] GET /api/project-stats/members -> 304 (55ms)
[2026-03-24T03:42:33.505Z] GET /api/project-stats/overview -> 304 (60ms)
[2026-03-24T03:42:34.217Z] GET /api/users?page=1&pageSize=200 -> 403 (23ms)
[2026-03-24T03:42:34.250Z] GET /api/requirements?page=1&pageSize=10 -> 304 (55ms)
[2026-03-24T03:42:34.250Z] GET /api/projects?page=1&pageSize=200 -> 304 (57ms)
[2026-03-24T03:42:34.470Z] GET /api/users?page=1&pageSize=200 -> 403 (20ms)
[2026-03-24T03:42:34.579Z] GET /api/requirements?page=1&pageSize=10 -> 304 (46ms)
[2026-03-24T03:42:34.606Z] GET /api/projects?page=1&pageSize=200 -> 304 (40ms)
[2026-03-24T03:42:34.689Z] GET /api/projects?page=1&pageSize=200 -> 304 (64ms)
[2026-03-24T03:42:34.993Z] GET /api/users?page=1&pageSize=200 -> 403 (58ms)
[2026-03-24T03:42:35.111Z] GET /api/bugs?page=1&pageSize=10 -> 304 (176ms)
[2026-03-24T03:42:35.111Z] GET /api/requirements?page=1&pageSize=200 -> 304 (177ms)
[2026-03-24T03:42:35.217Z] GET /api/projects?page=1&pageSize=200 -> 304 (221ms)
[2026-03-24T03:42:35.330Z] GET /api/users?page=1&pageSize=200 -> 403 (24ms)
[2026-03-24T03:42:35.494Z] GET /api/requirements?page=1&pageSize=200 -> 304 (65ms)
[2026-03-24T03:42:35.497Z] GET /api/bugs?page=1&pageSize=10 -> 304 (69ms)
[2026-03-24T03:43:04.353Z] POST /api/auth/login -> 200 (82ms)
[2026-03-24T03:43:04.556Z] GET /api/auth/access -> 200 (30ms)
[2026-03-24T03:43:04.700Z] GET /api/work/item-types?enabled_only=1 -> 500 (32ms)
[2026-03-24T03:43:04.873Z] GET /api/work/logs?page=1&pageSize=10 -> 500 (31ms)
[2026-03-24T03:43:04.874Z] GET /api/work/workbench/me -> 500 (32ms)
[2026-03-24T03:43:04.874Z] GET /api/work/phase-types?enabled_only=1 -> 500 (32ms)
[2026-03-24T03:43:04.875Z] GET /api/work/demands?page=1&pageSize=1000 -> 500 (34ms)
[2026-03-24T03:43:04.908Z] GET /api/auth/preferences -> 200 (31ms)
[2026-03-24T03:43:05.046Z] GET /api/work/item-types?enabled_only=1 -> 500 (30ms)
[2026-03-24T03:43:05.225Z] GET /api/work/phase-types?enabled_only=1 -> 500 (34ms)
[2026-03-24T03:43:05.226Z] GET /api/work/workbench/me -> 500 (34ms)
[2026-03-24T03:43:05.227Z] GET /api/work/logs?page=1&pageSize=10 -> 500 (36ms)
[2026-03-24T03:43:05.239Z] GET /api/work/demands?page=1&pageSize=1000 -> 500 (47ms)
[2026-03-24T03:43:10.952Z] GET /api/users?page=1&pageSize=200 -> 200 (40ms)
[2026-03-24T03:43:10.954Z] GET /api/projects?page=1&pageSize=10 -> 200 (41ms)
[2026-03-24T03:43:11.234Z] GET /api/users?page=1&pageSize=200 -> 304 (65ms)
[2026-03-24T03:43:11.326Z] GET /api/projects?page=1&pageSize=10 -> 304 (61ms)
[2026-03-24T03:43:12.006Z] GET /api/projects?page=1&pageSize=200 -> 200 (60ms)
[2026-03-24T03:43:12.295Z] GET /api/users?page=1&pageSize=200 -> 304 (43ms)
[2026-03-24T03:43:12.297Z] GET /api/requirements?page=1&pageSize=10 -> 200 (44ms)
[2026-03-24T03:43:12.357Z] GET /api/projects?page=1&pageSize=200 -> 304 (36ms)
[2026-03-24T03:43:12.636Z] GET /api/users?page=1&pageSize=200 -> 304 (34ms)
[2026-03-24T03:43:12.641Z] GET /api/requirements?page=1&pageSize=10 -> 304 (38ms)
[2026-03-24T03:43:15.772Z] GET /api/users?page=1&pageSize=200 -> 304 (37ms)
[2026-03-24T03:43:15.773Z] GET /api/bugs?page=1&pageSize=10 -> 200 (38ms)
[2026-03-24T03:43:15.773Z] GET /api/requirements?page=1&pageSize=200 -> 200 (38ms)
[2026-03-24T03:43:15.774Z] GET /api/projects?page=1&pageSize=200 -> 304 (40ms)
[2026-03-24T03:43:16.040Z] GET /api/users?page=1&pageSize=200 -> 304 (56ms)
[2026-03-24T03:43:16.177Z] GET /api/requirements?page=1&pageSize=200 -> 304 (96ms)
[2026-03-24T03:43:16.177Z] GET /api/projects?page=1&pageSize=200 -> 304 (95ms)
[2026-03-24T03:43:16.177Z] GET /api/bugs?page=1&pageSize=10 -> 304 (96ms)
[2026-03-24T03:44:44.611Z] GET /api/users?page=1&pageSize=200 -> 304 (41ms)
[2026-03-24T03:44:44.612Z] GET /api/requirements?page=1&pageSize=10 -> 304 (40ms)
[2026-03-24T03:44:44.612Z] GET /api/projects?page=1&pageSize=200 -> 304 (44ms)
[2026-03-24T03:44:44.870Z] GET /api/users?page=1&pageSize=200 -> 304 (44ms)
[2026-03-24T03:44:44.973Z] GET /api/projects?page=1&pageSize=200 -> 304 (37ms)
[2026-03-24T03:44:44.976Z] GET /api/requirements?page=1&pageSize=10 -> 304 (41ms)
[2026-03-24T03:44:49.515Z] GET /api/work/item-types?enabled_only=1 -> 500 (59ms)
[2026-03-24T03:44:49.794Z] GET /api/work/phase-types?enabled_only=1 -> 500 (31ms)
[2026-03-24T03:44:49.795Z] GET /api/work/workbench/me -> 500 (31ms)
[2026-03-24T03:44:49.797Z] GET /api/work/demands?page=1&pageSize=1000 -> 500 (37ms)
[2026-03-24T03:44:49.799Z] GET /api/work/logs?page=1&pageSize=10 -> 500 (34ms)
[2026-03-24T03:44:49.871Z] GET /api/work/item-types?enabled_only=1 -> 500 (45ms)
[2026-03-24T03:44:50.252Z] GET /api/work/phase-types?enabled_only=1 -> 500 (52ms)
[2026-03-24T03:44:50.253Z] GET /api/work/demands?page=1&pageSize=1000 -> 500 (50ms)
[2026-03-24T03:44:50.257Z] GET /api/work/logs?page=1&pageSize=10 -> 500 (53ms)
[2026-03-24T03:44:50.258Z] GET /api/work/workbench/me -> 500 (56ms)
[2026-03-24T03:44:52.585Z] GET /api/work/workbench/morning -> 200 (65ms)
[2026-03-24T03:44:52.792Z] GET /api/work/workbench/morning -> 304 (133ms)
[2026-03-24T03:44:54.136Z] GET /api/work/item-types?enabled_only=1 -> 500 (40ms)
[2026-03-24T03:44:54.458Z] GET /api/work/phase-types?enabled_only=1 -> 500 (47ms)
[2026-03-24T03:44:54.460Z] GET /api/work/demands?page=1&pageSize=1000 -> 500 (50ms)
[2026-03-24T03:44:54.476Z] GET /api/work/workbench/owner -> 500 (64ms)
[2026-03-24T03:44:54.503Z] GET /api/work/item-types?enabled_only=1 -> 500 (40ms)
[2026-03-24T03:44:54.836Z] GET /api/work/demands?page=1&pageSize=1000 -> 500 (57ms)
[2026-03-24T03:44:54.838Z] GET /api/work/phase-types?enabled_only=1 -> 500 (60ms)
[2026-03-24T03:44:54.860Z] GET /api/work/workbench/owner -> 500 (69ms)
[2026-03-24T03:44:55.702Z] GET /api/auth/preferences -> 304 (30ms)
[2026-03-24T03:44:55.880Z] GET /api/auth/profile -> 200 (58ms)
[2026-03-24T03:44:56.039Z] GET /api/auth/preferences -> 304 (64ms)
[2026-03-24T03:44:56.108Z] GET /api/auth/profile -> 304 (82ms)
[2026-03-24T03:44:58.440Z] GET /api/users?page=1&pageSize=200 -> 304 (69ms)
[2026-03-24T03:44:58.741Z] GET /api/projects?page=1&pageSize=10 -> 304 (62ms)
[2026-03-24T03:44:58.794Z] GET /api/users?page=1&pageSize=200 -> 304 (48ms)
[2026-03-24T03:44:59.101Z] GET /api/projects?page=1&pageSize=10 -> 304 (42ms)
