Server running at http://0.0.0.0:3000
Environment: development
CORS origins: http://localhost:5173
Loaded env file: .env
MySQL connected. session time_zone forced to +08:00
[2026-03-23T04:16:19.056Z] GET /health -> 200 (9ms)
[2026-03-23T04:16:19.132Z] POST /api/auth/login -> 401 (16ms)
[2026-03-23T04:26:55.849Z] POST /api/auth/login -> 401 (146ms)
[2026-03-23T04:27:11.302Z] POST /api/auth/login -> 401 (131ms)
[2026-03-23T04:32:41.358Z] POST /api/auth/login -> 200 (111ms)
[2026-03-23T05:08:43.480Z] POST /api/auth/login -> 200 (181ms)
[2026-03-23T05:08:43.547Z] GET /api/auth/access -> 200 (30ms)
[2026-03-23T05:08:43.603Z] GET /api/auth/preferences -> 200 (41ms)
[2026-03-23T05:08:47.989Z] POST /api/auth/login -> 200 (128ms)
[2026-03-23T05:08:48.036Z] GET /api/auth/access -> 304 (32ms)
[2026-03-23T05:08:48.074Z] GET /api/auth/preferences -> 304 (30ms)
[2026-03-23T05:08:49.365Z] GET /api/rbac/menu-visibility/me -> 200 (115ms)
[2026-03-23T05:08:49.419Z] GET /api/rbac/menu-visibility/me -> 304 (48ms)
[2026-03-23T05:10:01.274Z] POST /api/auth/login -> 200 (101ms)
[2026-03-23T06:01:41.599Z] GET /api/rbac/menu-visibility/me -> 200 (256ms)
[2026-03-23T06:01:41.645Z] GET /api/rbac/menu-visibility/me -> 304 (40ms)
[2026-03-23T06:02:20.154Z] POST /api/auth/login -> 200 (84ms)
[2026-03-23T06:02:20.190Z] GET /api/auth/access -> 200 (22ms)
[2026-03-23T06:02:20.255Z] GET /api/auth/preferences -> 304 (46ms)
[2026-03-23T06:02:20.722Z] GET /api/work/demands?page=1&pageSize=1000 -> 200 (47ms)
[2026-03-23T06:02:20.757Z] GET /api/work/item-types?enabled_only=1 -> 200 (82ms)
[2026-03-23T06:02:20.758Z] GET /api/work/phase-types?enabled_only=1 -> 200 (80ms)
[2026-03-23T06:02:20.780Z] GET /api/work/demands?page=1&pageSize=1000 -> 304 (54ms)
[2026-03-23T06:02:20.782Z] GET /api/work/logs?page=1&pageSize=10 -> 200 (102ms)
[2026-03-23T06:02:20.787Z] GET /api/work/workbench/me -> 200 (111ms)
[2026-03-23T06:02:20.795Z] GET /api/work/item-types?enabled_only=1 -> 304 (32ms)
[2026-03-23T06:02:20.798Z] GET /api/work/phase-types?enabled_only=1 -> 304 (33ms)
[2026-03-23T06:02:20.825Z] GET /api/work/logs?page=1&pageSize=10 -> 304 (39ms)
[2026-03-23T06:02:20.841Z] GET /api/work/workbench/me -> 304 (49ms)
[2026-03-23T06:02:31.019Z] GET /api/work/insight/demand?start_date=2026-02-21&end_date=2026-03-23 -> 200 (42ms)
[2026-03-23T06:02:31.029Z] GET /api/work/insight/filters -> 200 (51ms)
[2026-03-23T06:02:31.082Z] GET /api/work/insight/filters -> 304 (47ms)
[2026-03-23T06:03:00.928Z] GET /api/org/departments?mode=flat -> 200 (36ms)
[2026-03-23T06:03:00.929Z] GET /api/options?type=roles -> 200 (36ms)
[2026-03-23T06:03:00.938Z] GET /api/users?page=1&pageSize=10&sort_by=real_name&sort_order=asc -> 200 (47ms)
[2026-03-23T06:03:00.940Z] GET /api/config/dict/items?typeKey=user_status&enabledOnly=true -> 200 (46ms)
[2026-03-23T06:03:00.964Z] GET /api/org/departments?mode=flat -> 304 (30ms)
[2026-03-23T06:03:00.965Z] GET /api/options?type=roles -> 304 (29ms)
[2026-03-23T06:03:00.983Z] GET /api/users?page=1&pageSize=10&sort_by=real_name&sort_order=asc -> 304 (37ms)
[2026-03-23T06:03:00.984Z] GET /api/config/dict/items?typeKey=user_status&enabledOnly=true -> 304 (36ms)
[2026-03-23T06:03:02.719Z] GET /api/org/departments?mode=tree -> 200 (31ms)
[2026-03-23T06:03:02.730Z] GET /api/users?page=1&pageSize=500&keyword= -> 200 (41ms)
[2026-03-23T06:03:02.755Z] GET /api/org/departments?mode=tree -> 304 (30ms)
[2026-03-23T06:03:02.769Z] GET /api/users?page=1&pageSize=500&keyword= -> 304 (33ms)
[2026-03-23T06:03:03.883Z] GET /api/org/departments?mode=flat -> 304 (42ms)
[2026-03-23T06:03:03.891Z] GET /api/users?page=1&pageSize=10 -> 200 (49ms)
[2026-03-23T06:03:03.915Z] GET /api/org/departments?mode=flat -> 304 (27ms)
[2026-03-23T06:03:03.938Z] GET /api/users?page=1&pageSize=10 -> 304 (40ms)
[2026-03-23T06:03:04.782Z] GET /api/options?type=roles -> 304 (37ms)
[2026-03-23T06:03:04.818Z] GET /api/options?type=roles -> 304 (30ms)
[2026-03-23T06:03:05.666Z] GET /api/rbac/roles -> 200 (30ms)
[2026-03-23T06:03:05.668Z] GET /api/rbac/permissions -> 200 (33ms)
[2026-03-23T06:03:05.709Z] GET /api/rbac/permissions -> 304 (32ms)
[2026-03-23T06:03:05.711Z] GET /api/rbac/roles -> 304 (36ms)
[2026-03-23T06:03:05.737Z] GET /api/rbac/roles/3/permissions -> 200 (37ms)
[2026-03-23T06:03:05.745Z] GET /api/rbac/roles -> 304 (28ms)
[2026-03-23T06:03:05.750Z] GET /api/rbac/permissions -> 304 (34ms)
[2026-03-23T06:03:06.497Z] GET /api/rbac/menu-visibility/departments -> 200 (30ms)
[2026-03-23T06:03:06.499Z] GET /api/rbac/menu-visibility -> 200 (33ms)
[2026-03-23T06:03:06.500Z] GET /api/rbac/roles -> 304 (32ms)
[2026-03-23T06:03:06.605Z] GET /api/rbac/roles -> 304 (99ms)
[2026-03-23T06:03:06.606Z] GET /api/rbac/menu-visibility -> 304 (101ms)
[2026-03-23T06:03:06.612Z] GET /api/rbac/menu-visibility/departments -> 304 (108ms)
[2026-03-23T06:03:07.314Z] GET /api/config/dict/types -> 200 (30ms)
[2026-03-23T06:03:07.319Z] GET /api/org/departments?mode=flat -> 304 (34ms)
[2026-03-23T06:03:07.361Z] GET /api/org/departments?mode=flat -> 304 (31ms)
[2026-03-23T06:03:07.364Z] GET /api/config/dict/types -> 304 (36ms)
[2026-03-23T06:03:07.470Z] GET /api/config/dict/items?typeKey=business_group -> 200 (51ms)
[2026-03-23T06:33:02.179Z] GET /api/rbac/menu-visibility/me -> 304 (42ms)
[2026-03-23T06:33:02.218Z] GET /api/rbac/menu-visibility/me -> 304 (34ms)
[2026-03-23T06:33:02.870Z] GET /api/org/departments?mode=flat -> 304 (35ms)
[2026-03-23T06:33:02.905Z] GET /api/org/departments?mode=flat -> 304 (31ms)
[2026-03-23T06:33:03.320Z] GET /api/config/dict/types -> 304 (484ms)
[2026-03-23T06:33:03.377Z] GET /api/config/dict/types -> 304 (50ms)
[2026-03-23T06:33:03.521Z] GET /api/config/dict/items?typeKey=business_group -> 304 (44ms)
[2026-03-23T06:38:44.652Z] GET /api/rbac/menu-visibility/me -> 304 (41ms)
[2026-03-23T06:38:44.687Z] GET /api/rbac/menu-visibility/me -> 304 (31ms)
[2026-03-23T06:38:45.187Z] GET /api/config/dict/types -> 304 (45ms)
[2026-03-23T06:38:45.189Z] GET /api/org/departments?mode=flat -> 304 (46ms)
[2026-03-23T06:38:45.226Z] GET /api/config/dict/types -> 304 (32ms)
[2026-03-23T06:38:45.242Z] GET /api/org/departments?mode=flat -> 304 (46ms)
[2026-03-23T06:38:45.400Z] GET /api/config/dict/items?typeKey=business_group -> 304 (47ms)
[2026-03-23T06:38:56.386Z] GET /api/work/workbench/morning -> 200 (76ms)
[2026-03-23T06:38:56.472Z] GET /api/work/workbench/morning -> 304 (80ms)
[2026-03-23T06:39:01.860Z] GET /api/work/workbench/morning?tab_key=dept-1&department_id=1 -> 200 (90ms)
[2026-03-23T06:39:02.736Z] GET /api/work/workbench/morning?tab_key=dept-2&department_id=2 -> 200 (81ms)
[2026-03-23T06:39:03.431Z] GET /api/work/workbench/morning?tab_key=dept-9&department_id=9 -> 200 (43ms)
[2026-03-23T06:39:04.143Z] GET /api/work/workbench/morning?tab_key=dept-8&department_id=8 -> 200 (80ms)
[2026-03-23T06:39:04.816Z] GET /api/work/workbench/morning?tab_key=dept-6&department_id=6 -> 200 (67ms)
[2026-03-23T06:39:05.464Z] GET /api/work/workbench/morning?tab_key=dept-7&department_id=7 -> 200 (58ms)
[2026-03-23T06:39:06.076Z] GET /api/work/workbench/morning?tab_key=dept-5&department_id=5 -> 200 (52ms)
[2026-03-23T06:39:07.102Z] GET /api/work/workbench/morning?tab_key=all -> 200 (69ms)
[2026-03-23T06:39:08.778Z] GET /api/work/item-types?enabled_only=1 -> 304 (34ms)
[2026-03-23T06:39:08.786Z] GET /api/work/phase-types?enabled_only=1 -> 304 (40ms)
[2026-03-23T06:39:08.797Z] GET /api/work/demands?page=1&pageSize=1000 -> 200 (52ms)
[2026-03-23T06:39:08.798Z] GET /api/work/logs?page=1&pageSize=10 -> 304 (50ms)
[2026-03-23T06:39:08.816Z] GET /api/work/workbench/me -> 304 (69ms)
[2026-03-23T06:39:08.818Z] GET /api/work/item-types?enabled_only=1 -> 304 (35ms)
[2026-03-23T06:39:08.826Z] GET /api/work/phase-types?enabled_only=1 -> 304 (35ms)
[2026-03-23T06:39:08.855Z] GET /api/work/demands?page=1&pageSize=1000 -> 304 (51ms)
[2026-03-23T06:39:08.856Z] GET /api/work/logs?page=1&pageSize=10 -> 304 (51ms)
[2026-03-23T06:39:08.884Z] GET /api/work/workbench/me -> 304 (63ms)
[2026-03-23T06:55:25.852Z] GET /api/rbac/menu-visibility/me -> 304 (37ms)
[2026-03-23T06:55:25.884Z] GET /api/rbac/menu-visibility/me -> 304 (28ms)
[2026-03-23T06:55:26.498Z] GET /api/work/item-types?enabled_only=1 -> 304 (27ms)
[2026-03-23T06:55:26.513Z] GET /api/work/phase-types?enabled_only=1 -> 304 (41ms)
[2026-03-23T06:55:26.520Z] GET /api/work/demands?page=1&pageSize=1000 -> 304 (49ms)
[2026-03-23T06:55:26.533Z] GET /api/work/workbench/me -> 304 (61ms)
[2026-03-23T06:55:26.548Z] GET /api/work/logs?page=1&pageSize=10 -> 304 (75ms)
[2026-03-23T06:55:26.573Z] GET /api/work/demands?page=1&pageSize=1000 -> 304 (48ms)
[2026-03-23T06:55:26.592Z] GET /api/work/workbench/me -> 304 (55ms)
[2026-03-23T06:55:26.900Z] GET /api/work/item-types?enabled_only=1 -> 304 (397ms)
[2026-03-23T06:55:26.933Z] GET /api/work/phase-types?enabled_only=1 -> 304 (415ms)
[2026-03-23T06:55:26.954Z] GET /api/work/logs?page=1&pageSize=10 -> 304 (402ms)
[2026-03-23T06:55:38.686Z] GET /api/work/workbench/morning -> 304 (62ms)
[2026-03-23T06:55:38.818Z] GET /api/work/workbench/morning -> 304 (126ms)
[2026-03-23T06:55:41.149Z] GET /api/work/item-types?enabled_only=1 -> 304 (30ms)
[2026-03-23T06:55:41.154Z] GET /api/work/phase-types?enabled_only=1 -> 304 (33ms)
[2026-03-23T06:55:41.162Z] GET /api/work/demands?page=1&pageSize=1000 -> 304 (44ms)
[2026-03-23T06:55:41.202Z] GET /api/work/workbench/owner -> 200 (84ms)
[2026-03-23T06:55:41.202Z] GET /api/work/item-types?enabled_only=1 -> 304 (46ms)
[2026-03-23T06:55:41.214Z] GET /api/work/phase-types?enabled_only=1 -> 304 (55ms)
[2026-03-23T06:55:41.234Z] GET /api/work/demands?page=1&pageSize=1000 -> 304 (68ms)
[2026-03-23T06:55:41.261Z] GET /api/work/workbench/owner -> 304 (55ms)
[2026-03-23T06:55:42.994Z] GET /api/auth/preferences -> 304 (32ms)
[2026-03-23T06:55:42.997Z] GET /api/auth/profile -> 200 (37ms)
[2026-03-23T06:55:43.033Z] GET /api/auth/preferences -> 304 (34ms)
[2026-03-23T06:55:43.067Z] GET /api/auth/profile -> 304 (66ms)
[2026-03-23T06:55:59.441Z] PUT /api/auth/profile -> 200 (109ms)
[2026-03-23T06:56:02.047Z] GET /api/rbac/menu-visibility/me -> 304 (33ms)
[2026-03-23T06:56:02.082Z] GET /api/rbac/menu-visibility/me -> 304 (31ms)
[2026-03-23T06:56:02.462Z] GET /api/auth/preferences -> 304 (33ms)
[2026-03-23T06:56:02.468Z] GET /api/auth/profile -> 200 (41ms)
[2026-03-23T06:56:02.507Z] GET /api/auth/preferences -> 304 (38ms)
[2026-03-23T06:56:02.514Z] GET /api/auth/profile -> 304 (39ms)
[2026-03-23T06:56:09.155Z] GET /api/config/dict/items?typeKey=business_group&enabledOnly=true -> 200 (49ms)
[2026-03-23T06:56:09.157Z] GET /api/users?page=1&pageSize=200 -> 200 (53ms)
[2026-03-23T06:56:09.163Z] GET /api/work/demands?page=1&pageSize=10 -> 200 (56ms)
[2026-03-23T06:56:09.213Z] GET /api/config/dict/items?typeKey=business_group&enabledOnly=true -> 304 (47ms)
[2026-03-23T06:56:09.222Z] GET /api/users?page=1&pageSize=200 -> 304 (55ms)
[2026-03-23T06:56:09.222Z] GET /api/work/demands?page=1&pageSize=10 -> 304 (52ms)
