MySQL connected. session time_zone forced to +08:00
Server running at http://0.0.0.0:3000
Environment: development
CORS origins: http://localhost:5173
Loaded env file: .env
Project management module initialized
[2026-03-23T06:58:11.084Z] POST /api/auth/login -> 200 (166ms)
[2026-03-23T06:58:36.474Z] POST /api/auth/login -> 200 (113ms)
[2026-03-23T06:58:36.691Z] POST /api/projects -> 201 (105ms)
[2026-03-23T06:59:03.277Z] POST /api/auth/login -> 200 (286ms)
[2026-03-23T06:59:03.287Z] POST /api/auth/login -> 200 (295ms)
[2026-03-23T06:59:03.298Z] POST /api/auth/login -> 200 (431ms)
[2026-03-23T06:59:03.395Z] GET /api/projects/1/members -> 200 (43ms)
[2026-03-23T06:59:03.397Z] GET /api/projects/1 -> 200 (48ms)
[2026-03-23T06:59:03.420Z] GET /api/projects?page=1&pageSize=5 -> 200 (51ms)
[2026-03-23T06:59:21.145Z] POST /api/auth/login -> 401 (15ms)
[2026-03-23T06:59:21.227Z] POST /api/projects/1/members -> 401 (0ms)
[2026-03-23T06:59:48.280Z] POST /api/auth/login -> 401 (14ms)
[2026-03-23T07:00:33.078Z] POST /api/auth/login -> 200 (136ms)
[2026-03-23T07:00:53.565Z] POST /api/auth/login -> 200 (239ms)
[2026-03-23T07:00:53.566Z] POST /api/auth/login -> 200 (233ms)
[2026-03-23T07:00:53.683Z] GET /api/projects/1/members -> 200 (36ms)
[2026-03-23T07:00:53.724Z] POST /api/projects/1/members -> 201 (79ms)
[2026-03-23T07:01:13.341Z] POST /api/auth/login -> 200 (133ms)
[2026-03-23T07:01:13.460Z] GET /api/projects/1/members -> 200 (45ms)
[2026-03-23T07:01:37.678Z] POST /api/auth/login -> 200 (135ms)
[2026-03-23T07:01:37.902Z] POST /api/auth/login -> 200 (131ms)
[2026-03-23T07:01:37.924Z] DELETE /api/projects/1/members/1 -> 200 (172ms)
[2026-03-23T07:01:38.037Z] DELETE /api/projects/1 -> 200 (59ms)
[2026-03-23T07:01:58.297Z] POST /api/auth/login -> 200 (124ms)
[2026-03-23T07:01:58.419Z] GET /api/projects?page=1&pageSize=5 -> 200 (49ms)
[2026-03-23T07:03:01.657Z] GET /api/rbac/menu-visibility/me -> 304 (96ms)
[2026-03-23T07:03:01.694Z] GET /api/rbac/menu-visibility/me -> 304 (34ms)
[2026-03-23T07:03:02.601Z] GET /api/config/dict/items?typeKey=business_group&enabledOnly=true -> 304 (46ms)
[2026-03-23T07:03:02.602Z] GET /api/users?page=1&pageSize=200 -> 200 (48ms)
[2026-03-23T07:03:02.610Z] GET /api/work/demands?page=1&pageSize=10 -> 304 (54ms)
[2026-03-23T07:03:02.663Z] GET /api/users?page=1&pageSize=200 -> 304 (52ms)
[2026-03-23T07:03:02.664Z] GET /api/work/demands?page=1&pageSize=10 -> 304 (49ms)
[2026-03-23T07:03:02.665Z] GET /api/config/dict/items?typeKey=business_group&enabledOnly=true -> 304 (57ms)
[2026-03-23T07:03:05.804Z] GET /api/auth/preferences -> 304 (36ms)
[2026-03-23T07:03:05.808Z] GET /api/auth/profile -> 200 (41ms)
[2026-03-23T07:03:05.841Z] GET /api/auth/preferences -> 304 (32ms)
[2026-03-23T07:03:05.847Z] GET /api/auth/profile -> 304 (34ms)
[2026-03-23T07:40:19.660Z] GET /api/work/item-types?enabled_only=1 -> 304 (124ms)
[2026-03-23T07:40:19.665Z] GET /api/work/demands?page=1&pageSize=1000 -> 304 (131ms)
[2026-03-23T07:40:19.702Z] GET /api/work/workbench/owner -> 200 (170ms)
[2026-03-23T07:40:19.719Z] GET /api/work/phase-types?enabled_only=1 -> 304 (182ms)
[2026-03-23T07:40:19.728Z] GET /api/work/item-types?enabled_only=1 -> 304 (58ms)
[2026-03-23T07:40:19.767Z] GET /api/work/demands?page=1&pageSize=1000 -> 304 (94ms)
[2026-03-23T07:40:19.768Z] GET /api/work/phase-types?enabled_only=1 -> 304 (43ms)
[2026-03-23T07:40:19.822Z] GET /api/work/workbench/owner -> 304 (103ms)
[2026-03-23T07:40:31.611Z] GET /api/auth/preferences -> 304 (28ms)
[2026-03-23T07:40:31.620Z] GET /api/auth/profile -> 304 (38ms)
[2026-03-23T07:40:31.649Z] GET /api/auth/preferences -> 304 (32ms)
[2026-03-23T07:40:31.666Z] GET /api/auth/profile -> 304 (38ms)
[2026-03-23T07:40:33.010Z] GET /api/config/dict/items?typeKey=business_group&enabledOnly=true -> 304 (43ms)
[2026-03-23T07:40:33.011Z] GET /api/work/demands?page=1&pageSize=10 -> 304 (43ms)
[2026-03-23T07:40:33.012Z] GET /api/users?page=1&pageSize=200 -> 200 (46ms)
[2026-03-23T07:40:33.053Z] GET /api/users?page=1&pageSize=200 -> 304 (34ms)
[2026-03-23T07:40:33.055Z] GET /api/config/dict/items?typeKey=business_group&enabledOnly=true -> 304 (38ms)
[2026-03-23T07:40:33.055Z] GET /api/work/demands?page=1&pageSize=10 -> 304 (37ms)
[2026-03-23T07:40:35.637Z] GET /api/work/insight/demand?start_date=2026-02-21&end_date=2026-03-23 -> 200 (34ms)
[2026-03-23T07:40:35.663Z] GET /api/work/insight/filters -> 200 (59ms)
[2026-03-23T07:40:35.713Z] GET /api/work/insight/filters -> 304 (45ms)
[2026-03-23T07:40:36.932Z] GET /api/work/insight/member?start_date=2026-02-21&end_date=2026-03-23 -> 200 (59ms)
[2026-03-23T07:40:36.933Z] GET /api/work/insight/filters -> 304 (62ms)
[2026-03-23T07:40:36.993Z] GET /api/work/insight/filters -> 304 (54ms)
[2026-03-23T07:40:38.141Z] GET /api/config/dict/items?typeKey=business_group&enabledOnly=true -> 304 (40ms)
[2026-03-23T07:40:38.142Z] GET /api/work/demands?page=1&pageSize=10 -> 304 (44ms)
[2026-03-23T07:40:38.144Z] GET /api/users?page=1&pageSize=200 -> 304 (45ms)
[2026-03-23T07:40:38.193Z] GET /api/users?page=1&pageSize=200 -> 304 (41ms)
[2026-03-23T07:40:38.194Z] GET /api/work/demands?page=1&pageSize=10 -> 304 (43ms)
[2026-03-23T07:40:38.196Z] GET /api/config/dict/items?typeKey=business_group&enabledOnly=true -> 304 (47ms)
[2026-03-23T07:40:41.993Z] GET /api/options?type=roles -> 304 (28ms)
[2026-03-23T07:40:41.996Z] GET /api/org/departments?mode=flat -> 200 (31ms)
[2026-03-23T07:40:42.011Z] GET /api/users?page=1&pageSize=10&sort_by=real_name&sort_order=asc -> 200 (49ms)
[2026-03-23T07:40:42.012Z] GET /api/config/dict/items?typeKey=user_status&enabledOnly=true -> 200 (49ms)
[2026-03-23T07:40:42.034Z] GET /api/options?type=roles -> 304 (36ms)
[2026-03-23T07:40:42.036Z] GET /api/org/departments?mode=flat -> 304 (36ms)
[2026-03-23T07:40:42.056Z] GET /api/users?page=1&pageSize=10&sort_by=real_name&sort_order=asc -> 304 (40ms)
[2026-03-23T07:40:42.057Z] GET /api/config/dict/items?typeKey=user_status&enabledOnly=true -> 304 (40ms)
[2026-03-23T07:40:42.966Z] GET /api/org/departments?mode=tree -> 200 (123ms)
[2026-03-23T07:40:42.975Z] GET /api/users?page=1&pageSize=500&keyword= -> 200 (131ms)
[2026-03-23T07:40:43.016Z] GET /api/org/departments?mode=tree -> 304 (43ms)
[2026-03-23T07:40:43.041Z] GET /api/users?page=1&pageSize=500&keyword= -> 304 (60ms)
[2026-03-23T07:40:44.152Z] GET /api/org/departments?mode=flat -> 304 (32ms)
[2026-03-23T07:40:44.165Z] GET /api/users?page=1&pageSize=10 -> 200 (46ms)
[2026-03-23T07:40:44.195Z] GET /api/org/departments?mode=flat -> 304 (37ms)
[2026-03-23T07:40:44.212Z] GET /api/users?page=1&pageSize=10 -> 304 (41ms)
[2026-03-23T07:40:53.887Z] GET /api/options?type=roles -> 304 (35ms)
[2026-03-23T07:40:53.926Z] GET /api/options?type=roles -> 304 (32ms)
[2026-03-23T07:40:55.544Z] GET /api/rbac/permissions -> 200 (41ms)
[2026-03-23T07:40:55.546Z] GET /api/rbac/roles -> 304 (42ms)
[2026-03-23T07:40:55.592Z] GET /api/rbac/permissions -> 304 (36ms)
[2026-03-23T07:40:55.593Z] GET /api/rbac/roles -> 304 (36ms)
[2026-03-23T07:40:55.644Z] GET /api/rbac/permissions -> 304 (44ms)
[2026-03-23T07:40:55.646Z] GET /api/rbac/roles/3/permissions -> 200 (56ms)
[2026-03-23T07:40:55.647Z] GET /api/rbac/roles -> 304 (46ms)
[2026-03-23T07:41:01.144Z] GET /api/rbac/menu-visibility/departments -> 200 (52ms)
[2026-03-23T07:41:01.147Z] GET /api/rbac/roles -> 304 (54ms)
[2026-03-23T07:41:01.147Z] GET /api/rbac/menu-visibility -> 200 (56ms)
[2026-03-23T07:41:01.193Z] GET /api/rbac/menu-visibility -> 304 (40ms)
[2026-03-23T07:41:01.194Z] GET /api/rbac/roles -> 304 (42ms)
[2026-03-23T07:41:01.195Z] GET /api/rbac/menu-visibility/departments -> 304 (44ms)
[2026-03-23T07:41:07.369Z] GET /api/config/dict/types -> 304 (34ms)
[2026-03-23T07:41:07.371Z] GET /api/org/departments?mode=flat -> 304 (37ms)
[2026-03-23T07:41:07.413Z] GET /api/org/departments?mode=flat -> 304 (34ms)
[2026-03-23T07:41:07.414Z] GET /api/config/dict/types -> 304 (37ms)
[2026-03-23T07:41:07.561Z] GET /api/config/dict/items?typeKey=business_group -> 304 (49ms)
[2026-03-23T07:41:18.872Z] GET /api/users?page=1&pageSize=200 -> 304 (45ms)
[2026-03-23T07:41:18.872Z] GET /api/work/demands?page=1&pageSize=10 -> 304 (44ms)
[2026-03-23T07:41:18.886Z] GET /api/config/dict/items?typeKey=business_group&enabledOnly=true -> 304 (38ms)
[2026-03-23T07:41:18.925Z] GET /api/users?page=1&pageSize=200 -> 304 (42ms)
[2026-03-23T07:41:18.927Z] GET /api/work/demands?page=1&pageSize=10 -> 304 (43ms)
[2026-03-23T07:41:18.931Z] GET /api/config/dict/items?typeKey=business_group&enabledOnly=true -> 304 (39ms)
